<?xml version="1.0" encoding="UTF-8"?>
<testng-results ignored="0" total="3" passed="3" failed="0" skipped="0">
  <reporter-output>
  </reporter-output>
  <suite started-at="2018-11-15T07:13:28Z" name="Default suite" finished-at="2018-11-15T07:13:38Z" duration-ms="9780">
    <groups>
    </groups>
    <test started-at="2018-11-15T07:13:28Z" name="Default test" finished-at="2018-11-15T07:13:38Z" duration-ms="9780">
      <class name="NewThings.serviceLearn">
        <test-method signature="RegistrationSuccessful()[pri:0, instance:NewThings.serviceLearn@4e7912d8]" started-at="2018-11-15T12:43:28Z" name="RegistrationSuccessful" finished-at="2018-11-15T12:43:32Z" duration-ms="3874" status="PASS">
          <reporter-output>
          </reporter-output>
        </test-method> <!-- RegistrationSuccessful -->
        <test-method signature="VerifyPutResponse()[pri:0, instance:NewThings.serviceLearn@4e7912d8]" started-at="2018-11-15T12:43:32Z" name="VerifyPutResponse" finished-at="2018-11-15T12:43:35Z" duration-ms="3159" status="PASS">
          <reporter-output>
          </reporter-output>
        </test-method> <!-- VerifyPutResponse -->
        <test-method signature="VerifyReportResponse()[pri:0, instance:NewThings.serviceLearn@4e7912d8]" started-at="2018-11-15T12:43:35Z" name="VerifyReportResponse" finished-at="2018-11-15T12:43:38Z" duration-ms="2726" status="PASS">
          <reporter-output>
          </reporter-output>
        </test-method> <!-- VerifyReportResponse -->
      </class> <!-- NewThings.serviceLearn -->
    </test> <!-- Default test -->
  </suite> <!-- Default suite -->
</testng-results>
